#-----------------------------------------------------------
# Vivado v2018.3 (64-bit)
# SW Build 2405991 on Thu Dec  6 23:38:27 MST 2018
# IP Build 2404404 on Fri Dec  7 01:43:56 MST 2018
# Start of session at: Mon Jun  6 11:35:40 2022
# Process ID: 21256
# Current directory: D:/gpio20183/gpio201831/gpio
# Command line: vivado.exe -gui_launcher_event rodinguilauncherevent8104 D:\gpio20183\gpio201831\gpio\gpio.xpr
# Log file: D:/gpio20183/gpio201831/gpio/vivado.log
# Journal file: D:/gpio20183/gpio201831/gpio\vivado.jou
#-----------------------------------------------------------
start_gui
open_project D:/gpio20183/gpio201831/gpio/gpio.xpr
Scanning sources...
Finished scanning sources
INFO: [IP_Flow 19-234] Refreshing IP repositories
INFO: [IP_Flow 19-1704] No user IP repositories specified
INFO: [IP_Flow 19-2313] Loaded Vivado IP repository 'C:/Xilinx/Vivado/2018.3/data/ip'.
open_project: Time (s): cpu = 00:00:12 ; elapsed = 00:00:07 . Memory (MB): peak = 704.992 ; gain = 116.812
update_compile_order -fileset sources_1
open_bd_design {D:/gpio20183/gpio201831/gpio/gpio.srcs/sources_1/bd/gpio/gpio.bd}
Adding cell -- xilinx.com:ip:processing_system7:5.5 - processing_system7_0
Adding cell -- xilinx.com:ip:axi_gpio:2.0 - axi_gpio_0
Adding cell -- xilinx.com:ip:axi_gpio:2.0 - axi_gpio_1
Adding cell -- xilinx.com:ip:axi_interconnect:2.1 - ps7_0_axi_periph
Adding cell -- xilinx.com:ip:axi_crossbar:2.1 - xbar
Adding cell -- xilinx.com:ip:axi_protocol_converter:2.1 - auto_pc
Adding cell -- xilinx.com:ip:proc_sys_reset:5.0 - rst_ps7_0_50M
Successfully read diagram <gpio> from BD file <D:/gpio20183/gpio201831/gpio/gpio.srcs/sources_1/bd/gpio/gpio.bd>
open_bd_design: Time (s): cpu = 00:00:07 ; elapsed = 00:00:08 . Memory (MB): peak = 879.055 ; gain = 97.719
launch_sdk -workspace D:/gpio20183/gpio201831/gpio/gpio.sdk -hwspec D:/gpio20183/gpio201831/gpio/gpio.sdk/gpio_wrapper.hdf
INFO: [Vivado 12-393] Launching SDK...
INFO: [Vivado 12-417] Running xsdk -workspace D:/gpio20183/gpio201831/gpio/gpio.sdk -hwspec D:/gpio20183/gpio201831/gpio/gpio.sdk/gpio_wrapper.hdf
INFO: [Vivado 12-3157] SDK launch initiated. Please check console for any further messages.
launch_sdk -workspace D:/gpio20183/gpio201831/gpio/gpio.sdk -hwspec D:/gpio20183/gpio201831/gpio/gpio.sdk/gpio_wrapper.hdf
INFO: [Vivado 12-393] Launching SDK...
INFO: [Vivado 12-417] Running xsdk -workspace D:/gpio20183/gpio201831/gpio/gpio.sdk -hwspec D:/gpio20183/gpio201831/gpio/gpio.sdk/gpio_wrapper.hdf
INFO: [Vivado 12-3157] SDK launch initiated. Please check console for any further messages.
